<?xml version="1.0" encoding="UTF-8"?>
<testng-results ignored="0" total="1" passed="1" failed="0" skipped="0">
  <reporter-output>
  </reporter-output>
  <suite started-at="2023-01-23T16:57:07 IST" name="Suite" finished-at="2023-01-23T16:57:13 IST" duration-ms="5832">
    <groups>
    </groups>
    <test started-at="2023-01-23T16:57:07 IST" name="Test" finished-at="2023-01-23T16:57:13 IST" duration-ms="5832">
      <class name="com.qa.testLayer.TestLoginPage">
        <test-method is-config="true" signature="start()[pri:0, instance:com.qa.testLayer.TestLoginPage@399f45b1]" started-at="2023-01-23T16:57:07 IST" name="start" finished-at="2023-01-23T16:57:07 IST" duration-ms="120" status="PASS">
          <reporter-output>
          </reporter-output>
        </test-method> <!-- start -->
        <test-method is-config="true" signature="setup(java.lang.String)[pri:0, instance:com.qa.testLayer.TestLoginPage@399f45b1]" started-at="2023-01-23T16:57:07 IST" name="setup" finished-at="2023-01-23T16:57:12 IST" duration-ms="5122" status="PASS">
          <params>
            <param index="0">
              <value>
                <![CDATA[Chrome]]>
              </value>
            </param>
          </params>
          <reporter-output>
          </reporter-output>
        </test-method> <!-- setup -->
        <test-method signature="verifyLoginPageFunctionality()[pri:0, instance:com.qa.testLayer.TestLoginPage@399f45b1]" started-at="2023-01-23T16:57:12 IST" name="verifyLoginPageFunctionality" finished-at="2023-01-23T16:57:13 IST" duration-ms="364" status="PASS">
          <reporter-output>
          </reporter-output>
        </test-method> <!-- verifyLoginPageFunctionality -->
        <test-method is-config="true" signature="close()[pri:0, instance:com.qa.testLayer.TestLoginPage@399f45b1]" started-at="2023-01-23T16:57:13 IST" name="close" finished-at="2023-01-23T16:57:13 IST" duration-ms="201" status="PASS">
          <reporter-output>
          </reporter-output>
        </test-method> <!-- close -->
        <test-method is-config="true" signature="end()[pri:0, instance:com.qa.testLayer.TestLoginPage@399f45b1]" started-at="2023-01-23T16:57:13 IST" name="end" finished-at="2023-01-23T16:57:13 IST" duration-ms="2" status="PASS">
          <reporter-output>
          </reporter-output>
        </test-method> <!-- end -->
      </class> <!-- com.qa.testLayer.TestLoginPage -->
    </test> <!-- Test -->
  </suite> <!-- Suite -->
</testng-results>
